<?xml version="1.0" encoding="UTF-8"?>
<testng-results skipped="0" failed="0" ignored="0" total="1" passed="1">
  <reporter-output>
  </reporter-output>
  <suite name="Suite" duration-ms="15341" started-at="2020-03-20T16:43:58 IST" finished-at="2020-03-20T16:44:13 IST">
    <groups>
    </groups>
    <test name="Test" duration-ms="15341" started-at="2020-03-20T16:43:58 IST" finished-at="2020-03-20T16:44:13 IST">
      <class name="pkg.MavenTest.NewTest">
        <test-method status="PASS" signature="EnvironmentSetup()[pri:0, instance:pkg.MavenTest.NewTest@153f17c]" name="EnvironmentSetup" duration-ms="15290" started-at="2020-03-20T16:43:58 IST" finished-at="2020-03-20T16:44:13 IST">
          <reporter-output>
          </reporter-output>
        </test-method> <!-- EnvironmentSetup -->
      </class> <!-- pkg.MavenTest.NewTest -->
    </test> <!-- Test -->
  </suite> <!-- Suite -->
</testng-results>
