<?xml version="1.0" encoding="UTF-8"?>
<testng-results skipped="0" failed="0" ignored="0" total="1" passed="1">
  <reporter-output>
  </reporter-output>
  <suite name="Suite" duration-ms="10601" started-at="2020-03-23T18:18:05 IST" finished-at="2020-03-23T18:18:15 IST">
    <groups>
    </groups>
    <test name="Test" duration-ms="10601" started-at="2020-03-23T18:18:05 IST" finished-at="2020-03-23T18:18:15 IST">
      <class name="mavenPkg.NewTest">
        <test-method status="PASS" signature="EnvironmentSetup()[pri:0, instance:mavenPkg.NewTest@17faa95]" name="EnvironmentSetup" duration-ms="10553" started-at="2020-03-23T18:18:05 IST" finished-at="2020-03-23T18:18:15 IST">
          <reporter-output>
          </reporter-output>
        </test-method> <!-- EnvironmentSetup -->
      </class> <!-- mavenPkg.NewTest -->
    </test> <!-- Test -->
  </suite> <!-- Suite -->
</testng-results>
