<?xml version="1.0" encoding="UTF-8"?>
<testng-results skipped="0" failed="0" ignored="0" total="1" passed="1">
  <reporter-output>
  </reporter-output>
  <suite name="Default suite" duration-ms="14416" started-at="2020-03-20T13:00:45Z" finished-at="2020-03-20T13:00:59Z">
    <groups>
    </groups>
    <test name="Default test" duration-ms="14416" started-at="2020-03-20T13:00:45Z" finished-at="2020-03-20T13:00:59Z">
      <class name="mavenPkg.NewTest">
        <test-method status="PASS" signature="EnvironmentSetup()[pri:0, instance:mavenPkg.NewTest@1ee9faa]" name="EnvironmentSetup" duration-ms="14381" started-at="2020-03-20T18:30:45Z" finished-at="2020-03-20T18:30:59Z">
          <reporter-output>
          </reporter-output>
        </test-method> <!-- EnvironmentSetup -->
      </class> <!-- mavenPkg.NewTest -->
    </test> <!-- Default test -->
  </suite> <!-- Default suite -->
</testng-results>
