<?xml version="1.0" encoding="UTF-8"?>
<testng-results skipped="0" failed="0" ignored="0" total="1" passed="1">
  <reporter-output>
  </reporter-output>
  <suite name="Default suite" duration-ms="43811" started-at="2020-03-20T12:25:45Z" finished-at="2020-03-20T12:26:29Z">
    <groups>
    </groups>
    <test name="Default test" duration-ms="43811" started-at="2020-03-20T12:25:45Z" finished-at="2020-03-20T12:26:29Z">
      <class name="mavenPkg.NewTest">
        <test-method status="PASS" signature="EnvironmentSetup()[pri:0, instance:mavenPkg.NewTest@93b025]" name="EnvironmentSetup" duration-ms="43780" started-at="2020-03-20T17:55:45Z" finished-at="2020-03-20T17:56:29Z">
          <reporter-output>
          </reporter-output>
        </test-method> <!-- EnvironmentSetup -->
      </class> <!-- mavenPkg.NewTest -->
    </test> <!-- Default test -->
  </suite> <!-- Default suite -->
</testng-results>
